This file contains any messages produced by compilers while
running configure, to aid debugging if configure makes a mistake.

It was created by configure, which was
generated by GNU Autoconf 2.59.  Invocation command line was

  $ ./configure 

## --------- ##
## Platform. ##
## --------- ##

hostname = razdolbai
uname -m = i686
uname -r = 2.6.11-gentoo-r9
uname -s = Linux
uname -v = #9 SMP Wed Nov 16 00:10:25 MSK 2005

/usr/bin/uname -p = Intel(R) Pentium(R) 4 CPU 2.26GHz
/bin/uname -X     = unknown

/bin/arch              = i686
/usr/bin/arch -k       = unknown
/usr/convex/getsysinfo = unknown
hostinfo               = unknown
/bin/machine           = unknown
/usr/bin/oslevel       = unknown
/bin/universe          = unknown

PATH: /usr/kde/3.5/bin
PATH: /bin
PATH: /usr/bin
PATH: /usr/local/bin
PATH: /opt/bin
PATH: /usr/i686-pc-linux-gnu/gcc-bin/3.3.5
PATH: /opt/blackdown-jdk-1.4.2.01/bin
PATH: /opt/blackdown-jdk-1.4.2.01/jre/bin
PATH: /usr/kde/3.5/bin
PATH: /usr/qt/3/bin
PATH: /usr/games/bin
PATH: /opt/vmware/bin


## ----------- ##
## Core tests. ##
## ----------- ##

configure:1371: checking for a BSD-compatible install
configure:1426: result: /bin/install -c
configure:1441: checking for -p flag to install
configure:1454: result: yes
configure:1465: checking whether build environment is sane
configure:1508: result: yes
configure:1532: WARNING: `missing' script is too old or missing
configure:1573: checking for gawk
configure:1589: found /bin/gawk
configure:1599: result: gawk
configure:1609: checking whether make sets $(MAKE)
configure:1629: result: yes
configure:1800: checking whether to enable maintainer-specific portions of Makefiles
configure:1809: result: no
configure:1837: checking for style of include used by make
configure:1865: result: GNU
configure:1936: checking for gcc
configure:1952: found /usr/bin/gcc
configure:1962: result: gcc
configure:2206: checking for C compiler version
configure:2209: gcc --version </dev/null >&5
gcc (GCC) 3.3.5  (Gentoo Linux 3.3.5-r1, ssp-3.3.2-3, pie-8.7.7.1)
Copyright (C) 2003 Free Software Foundation, Inc.
This is free software; see the source for copying conditions.  There is NO
warranty; not even for MERCHANTABILITY or FITNESS FOR A PARTICULAR PURPOSE.

configure:2212: $? = 0
configure:2214: gcc -v </dev/null >&5
Reading specs from /usr/lib/gcc-lib/i686-pc-linux-gnu/3.3.5/specs
Configured with: /var/tmp/portage/gcc-3.3.5-r1/work/gcc-3.3.5/configure --enable-version-specific-runtime-libs --prefix=/usr --bindir=/usr/i686-pc-linux-gnu/gcc-bin/3.3.5 --includedir=/usr/lib/gcc-lib/i686-pc-linux-gnu/3.3.5/include --datadir=/usr/share/gcc-data/i686-pc-linux-gnu/3.3.5 --mandir=/usr/share/gcc-data/i686-pc-linux-gnu/3.3.5/man --infodir=/usr/share/gcc-data/i686-pc-linux-gnu/3.3.5/info --with-gxx-include-dir=/usr/lib/gcc-lib/i686-pc-linux-gnu/3.3.5/include/g++-v3 --host=i686-pc-linux-gnu --disable-altivec --enable-nls --without-included-gettext --enable-__cxa_atexit --enable-clocale=gnu --with-system-zlib --disable-checking --disable-werror --disable-libunwind-exceptions --enable-shared --enable-threads=posix --disable-multilib --disable-libgcj --enable-languages=c,c++,f77
Thread model: posix
gcc version 3.3.5  (Gentoo Linux 3.3.5-r1, ssp-3.3.2-3, pie-8.7.7.1)
configure:2217: $? = 0
configure:2219: gcc -V </dev/null >&5
gcc: `-V' option must have argument
configure:2222: $? = 1
configure:2245: checking for C compiler default output file name
configure:2248: gcc    conftest.c  >&5
configure:2251: $? = 0
configure:2297: result: a.out
configure:2302: checking whether the C compiler works
configure:2308: ./a.out
configure:2311: $? = 0
configure:2328: result: yes
configure:2335: checking whether we are cross compiling
configure:2337: result: no
configure:2340: checking for suffix of executables
configure:2342: gcc -o conftest    conftest.c  >&5
configure:2345: $? = 0
configure:2370: result: 
configure:2376: checking for suffix of object files
configure:2397: gcc -c   conftest.c >&5
configure:2400: $? = 0
configure:2422: result: o
configure:2426: checking whether we are using the GNU C compiler
configure:2450: gcc -c   conftest.c >&5
configure:2456: $? = 0
configure:2460: test -z 
			 || test ! -s conftest.err
configure:2463: $? = 0
configure:2466: test -s conftest.o
configure:2469: $? = 0
configure:2482: result: yes
configure:2488: checking whether gcc accepts -g
configure:2509: gcc -c -g  conftest.c >&5
configure:2515: $? = 0
configure:2519: test -z 
			 || test ! -s conftest.err
configure:2522: $? = 0
configure:2525: test -s conftest.o
configure:2528: $? = 0
configure:2539: result: yes
configure:2556: checking for gcc option to accept ANSI C
configure:2626: gcc  -c -g -O2  conftest.c >&5
configure:2632: $? = 0
configure:2636: test -z 
			 || test ! -s conftest.err
configure:2639: $? = 0
configure:2642: test -s conftest.o
configure:2645: $? = 0
configure:2663: result: none needed
configure:2681: gcc -c -g -O2  conftest.c >&5
conftest.c:2: error: parse error before "me"
configure:2687: $? = 1
configure: failed program was:
| #ifndef __cplusplus
|   choke me
| #endif
configure:2822: checking dependency style of gcc
configure:2912: result: none
configure:2930: checking for library containing strerror
configure:2960: gcc -o conftest -g -O2   conftest.c  >&5
configure:2966: $? = 0
configure:2970: test -z 
			 || test ! -s conftest.err
configure:2973: $? = 0
configure:2976: test -s conftest
configure:2979: $? = 0
configure:3049: result: none required
configure:3102: checking for gcc
configure:3128: result: gcc
configure:3372: checking for C compiler version
configure:3375: gcc --version </dev/null >&5
gcc (GCC) 3.3.5  (Gentoo Linux 3.3.5-r1, ssp-3.3.2-3, pie-8.7.7.1)
Copyright (C) 2003 Free Software Foundation, Inc.
This is free software; see the source for copying conditions.  There is NO
warranty; not even for MERCHANTABILITY or FITNESS FOR A PARTICULAR PURPOSE.

configure:3378: $? = 0
configure:3380: gcc -v </dev/null >&5
Reading specs from /usr/lib/gcc-lib/i686-pc-linux-gnu/3.3.5/specs
Configured with: /var/tmp/portage/gcc-3.3.5-r1/work/gcc-3.3.5/configure --enable-version-specific-runtime-libs --prefix=/usr --bindir=/usr/i686-pc-linux-gnu/gcc-bin/3.3.5 --includedir=/usr/lib/gcc-lib/i686-pc-linux-gnu/3.3.5/include --datadir=/usr/share/gcc-data/i686-pc-linux-gnu/3.3.5 --mandir=/usr/share/gcc-data/i686-pc-linux-gnu/3.3.5/man --infodir=/usr/share/gcc-data/i686-pc-linux-gnu/3.3.5/info --with-gxx-include-dir=/usr/lib/gcc-lib/i686-pc-linux-gnu/3.3.5/include/g++-v3 --host=i686-pc-linux-gnu --disable-altivec --enable-nls --without-included-gettext --enable-__cxa_atexit --enable-clocale=gnu --with-system-zlib --disable-checking --disable-werror --disable-libunwind-exceptions --enable-shared --enable-threads=posix --disable-multilib --disable-libgcj --enable-languages=c,c++,f77
Thread model: posix
gcc version 3.3.5  (Gentoo Linux 3.3.5-r1, ssp-3.3.2-3, pie-8.7.7.1)
configure:3383: $? = 0
configure:3385: gcc -V </dev/null >&5
gcc: `-V' option must have argument
configure:3388: $? = 1
configure:3391: checking whether we are using the GNU C compiler
configure:3447: result: yes
configure:3453: checking whether gcc accepts -g
configure:3504: result: yes
configure:3521: checking for gcc option to accept ANSI C
configure:3628: result: none needed
configure:3646: gcc -c -g -O2  conftest.c >&5
conftest.c:2: error: parse error before "me"
configure:3652: $? = 1
configure: failed program was:
| #ifndef __cplusplus
|   choke me
| #endif
configure:3787: checking dependency style of gcc
configure:3877: result: none
configure:3946: checking for g++
configure:3962: found /usr/bin/g++
configure:3972: result: g++
configure:3988: checking for C++ compiler version
configure:3991: g++ --version </dev/null >&5
g++ (GCC) 3.3.5  (Gentoo Linux 3.3.5-r1, ssp-3.3.2-3, pie-8.7.7.1)
Copyright (C) 2003 Free Software Foundation, Inc.
This is free software; see the source for copying conditions.  There is NO
warranty; not even for MERCHANTABILITY or FITNESS FOR A PARTICULAR PURPOSE.

configure:3994: $? = 0
configure:3996: g++ -v </dev/null >&5
Reading specs from /usr/lib/gcc-lib/i686-pc-linux-gnu/3.3.5/specs
Configured with: /var/tmp/portage/gcc-3.3.5-r1/work/gcc-3.3.5/configure --enable-version-specific-runtime-libs --prefix=/usr --bindir=/usr/i686-pc-linux-gnu/gcc-bin/3.3.5 --includedir=/usr/lib/gcc-lib/i686-pc-linux-gnu/3.3.5/include --datadir=/usr/share/gcc-data/i686-pc-linux-gnu/3.3.5 --mandir=/usr/share/gcc-data/i686-pc-linux-gnu/3.3.5/man --infodir=/usr/share/gcc-data/i686-pc-linux-gnu/3.3.5/info --with-gxx-include-dir=/usr/lib/gcc-lib/i686-pc-linux-gnu/3.3.5/include/g++-v3 --host=i686-pc-linux-gnu --disable-altivec --enable-nls --without-included-gettext --enable-__cxa_atexit --enable-clocale=gnu --with-system-zlib --disable-checking --disable-werror --disable-libunwind-exceptions --enable-shared --enable-threads=posix --disable-multilib --disable-libgcj --enable-languages=c,c++,f77
Thread model: posix
gcc version 3.3.5  (Gentoo Linux 3.3.5-r1, ssp-3.3.2-3, pie-8.7.7.1)
configure:3999: $? = 0
configure:4001: g++ -V </dev/null >&5
g++: `-V' option must have argument
configure:4004: $? = 1
configure:4007: checking whether we are using the GNU C++ compiler
configure:4031: g++ -c   conftest.cc >&5
configure:4037: $? = 0
configure:4041: test -z 
			 || test ! -s conftest.err
configure:4044: $? = 0
configure:4047: test -s conftest.o
configure:4050: $? = 0
configure:4063: result: yes
configure:4069: checking whether g++ accepts -g
configure:4090: g++ -c -g  conftest.cc >&5
configure:4096: $? = 0
configure:4100: test -z 
			 || test ! -s conftest.err
configure:4103: $? = 0
configure:4106: test -s conftest.o
configure:4109: $? = 0
configure:4120: result: yes
configure:4162: g++ -c -g -O2  conftest.cc >&5
configure:4168: $? = 0
configure:4172: test -z 
			 || test ! -s conftest.err
configure:4175: $? = 0
configure:4178: test -s conftest.o
configure:4181: $? = 0
configure:4207: g++ -c -g -O2  conftest.cc >&5
conftest.cc: In function `int main()':
conftest.cc:15: error: `exit' undeclared (first use this function)
conftest.cc:15: error: (Each undeclared identifier is reported only once for 
   each function it appears in.)
configure:4213: $? = 1
configure: failed program was:
| /* confdefs.h.  */
| 
| #define PACKAGE_NAME ""
| #define PACKAGE_TARNAME ""
| #define PACKAGE_VERSION ""
| #define PACKAGE_STRING ""
| #define PACKAGE_BUGREPORT ""
| #define PACKAGE "hello"
| #define VERSION "1.0"
| /* end confdefs.h.  */
| 
| int
| main ()
| {
| exit (42);
|   ;
|   return 0;
| }
configure:4162: g++ -c -g -O2  conftest.cc >&5
configure:4168: $? = 0
configure:4172: test -z 
			 || test ! -s conftest.err
configure:4175: $? = 0
configure:4178: test -s conftest.o
configure:4181: $? = 0
configure:4207: g++ -c -g -O2  conftest.cc >&5
configure:4213: $? = 0
configure:4217: test -z 
			 || test ! -s conftest.err
configure:4220: $? = 0
configure:4223: test -s conftest.o
configure:4226: $? = 0
configure:4251: checking dependency style of g++
configure:4341: result: none
configure:4404: checking for gcc
configure:4430: result: gcc
configure:4674: checking for C compiler version
configure:4677: gcc --version </dev/null >&5
gcc (GCC) 3.3.5  (Gentoo Linux 3.3.5-r1, ssp-3.3.2-3, pie-8.7.7.1)
Copyright (C) 2003 Free Software Foundation, Inc.
This is free software; see the source for copying conditions.  There is NO
warranty; not even for MERCHANTABILITY or FITNESS FOR A PARTICULAR PURPOSE.

configure:4680: $? = 0
configure:4682: gcc -v </dev/null >&5
Reading specs from /usr/lib/gcc-lib/i686-pc-linux-gnu/3.3.5/specs
Configured with: /var/tmp/portage/gcc-3.3.5-r1/work/gcc-3.3.5/configure --enable-version-specific-runtime-libs --prefix=/usr --bindir=/usr/i686-pc-linux-gnu/gcc-bin/3.3.5 --includedir=/usr/lib/gcc-lib/i686-pc-linux-gnu/3.3.5/include --datadir=/usr/share/gcc-data/i686-pc-linux-gnu/3.3.5 --mandir=/usr/share/gcc-data/i686-pc-linux-gnu/3.3.5/man --infodir=/usr/share/gcc-data/i686-pc-linux-gnu/3.3.5/info --with-gxx-include-dir=/usr/lib/gcc-lib/i686-pc-linux-gnu/3.3.5/include/g++-v3 --host=i686-pc-linux-gnu --disable-altivec --enable-nls --without-included-gettext --enable-__cxa_atexit --enable-clocale=gnu --with-system-zlib --disable-checking --disable-werror --disable-libunwind-exceptions --enable-shared --enable-threads=posix --disable-multilib --disable-libgcj --enable-languages=c,c++,f77
Thread model: posix
gcc version 3.3.5  (Gentoo Linux 3.3.5-r1, ssp-3.3.2-3, pie-8.7.7.1)
configure:4685: $? = 0
configure:4687: gcc -V </dev/null >&5
gcc: `-V' option must have argument
configure:4690: $? = 1
configure:4693: checking whether we are using the GNU C compiler
configure:4749: result: yes
configure:4755: checking whether gcc accepts -g
configure:4806: result: yes
configure:4823: checking for gcc option to accept ANSI C
configure:4930: result: none needed
configure:4948: gcc -c -g -O2  conftest.c >&5
conftest.c:2: error: parse error before "me"
configure:4954: $? = 1
configure: failed program was:
| #ifndef __cplusplus
|   choke me
| #endif
configure:5089: checking dependency style of gcc
configure:5179: result: none
configure:5204: checking how to run the C preprocessor
configure:5239: gcc -E  conftest.c
configure:5245: $? = 0
configure:5277: gcc -E  conftest.c
conftest.c:14:28: ac_nonexistent.h: No such file or directory
configure:5283: $? = 1
configure: failed program was:
| /* confdefs.h.  */
| 
| #define PACKAGE_NAME ""
| #define PACKAGE_TARNAME ""
| #define PACKAGE_VERSION ""
| #define PACKAGE_STRING ""
| #define PACKAGE_BUGREPORT ""
| #define PACKAGE "hello"
| #define VERSION "1.0"
| #ifdef __cplusplus
| extern "C" void std::exit (int) throw (); using std::exit;
| #endif
| /* end confdefs.h.  */
| #include <ac_nonexistent.h>
configure:5322: result: gcc -E
configure:5346: gcc -E  conftest.c
configure:5352: $? = 0
configure:5384: gcc -E  conftest.c
conftest.c:14:28: ac_nonexistent.h: No such file or directory
configure:5390: $? = 1
configure: failed program was:
| /* confdefs.h.  */
| 
| #define PACKAGE_NAME ""
| #define PACKAGE_TARNAME ""
| #define PACKAGE_VERSION ""
| #define PACKAGE_STRING ""
| #define PACKAGE_BUGREPORT ""
| #define PACKAGE "hello"
| #define VERSION "1.0"
| #ifdef __cplusplus
| extern "C" void std::exit (int) throw (); using std::exit;
| #endif
| /* end confdefs.h.  */
| #include <ac_nonexistent.h>
configure:5434: checking for egrep
configure:5444: result: grep -E
configure:5449: checking for ANSI C header files
configure:5474: gcc -c -g -O2  conftest.c >&5
configure:5480: $? = 0
configure:5484: test -z 
			 || test ! -s conftest.err
configure:5487: $? = 0
configure:5490: test -s conftest.o
configure:5493: $? = 0
configure:5579: gcc -o conftest -g -O2   conftest.c  >&5
configure:5582: $? = 0
configure:5584: ./conftest
configure:5587: $? = 0
configure:5602: result: yes
configure:5653: checking for ranlib
configure:5669: found /usr/bin/ranlib
configure:5680: result: ranlib
configure:5711: checking for sys/types.h
configure:5727: gcc -c -g -O2  conftest.c >&5
configure:5733: $? = 0
configure:5737: test -z 
			 || test ! -s conftest.err
configure:5740: $? = 0
configure:5743: test -s conftest.o
configure:5746: $? = 0
configure:5757: result: yes
configure:5711: checking for sys/stat.h
configure:5727: gcc -c -g -O2  conftest.c >&5
configure:5733: $? = 0
configure:5737: test -z 
			 || test ! -s conftest.err
configure:5740: $? = 0
configure:5743: test -s conftest.o
configure:5746: $? = 0
configure:5757: result: yes
configure:5711: checking for stdlib.h
configure:5727: gcc -c -g -O2  conftest.c >&5
configure:5733: $? = 0
configure:5737: test -z 
			 || test ! -s conftest.err
configure:5740: $? = 0
configure:5743: test -s conftest.o
configure:5746: $? = 0
configure:5757: result: yes
configure:5711: checking for string.h
configure:5727: gcc -c -g -O2  conftest.c >&5
configure:5733: $? = 0
configure:5737: test -z 
			 || test ! -s conftest.err
configure:5740: $? = 0
configure:5743: test -s conftest.o
configure:5746: $? = 0
configure:5757: result: yes
configure:5711: checking for memory.h
configure:5727: gcc -c -g -O2  conftest.c >&5
configure:5733: $? = 0
configure:5737: test -z 
			 || test ! -s conftest.err
configure:5740: $? = 0
configure:5743: test -s conftest.o
configure:5746: $? = 0
configure:5757: result: yes
configure:5711: checking for strings.h
configure:5727: gcc -c -g -O2  conftest.c >&5
configure:5733: $? = 0
configure:5737: test -z 
			 || test ! -s conftest.err
configure:5740: $? = 0
configure:5743: test -s conftest.o
configure:5746: $? = 0
configure:5757: result: yes
configure:5711: checking for inttypes.h
configure:5727: gcc -c -g -O2  conftest.c >&5
configure:5733: $? = 0
configure:5737: test -z 
			 || test ! -s conftest.err
configure:5740: $? = 0
configure:5743: test -s conftest.o
configure:5746: $? = 0
configure:5757: result: yes
configure:5711: checking for stdint.h
configure:5727: gcc -c -g -O2  conftest.c >&5
configure:5733: $? = 0
configure:5737: test -z 
			 || test ! -s conftest.err
configure:5740: $? = 0
configure:5743: test -s conftest.o
configure:5746: $? = 0
configure:5757: result: yes
configure:5711: checking for unistd.h
configure:5727: gcc -c -g -O2  conftest.c >&5
configure:5733: $? = 0
configure:5737: test -z 
			 || test ! -s conftest.err
configure:5740: $? = 0
configure:5743: test -s conftest.o
configure:5746: $? = 0
configure:5757: result: yes
configure:5771: checking for strlcat
configure:5819: g++ -c -g -O2 -pedantic-errors  conftest.cc >&5
conftest.cc: In function `int main()':
conftest.cc:35: error: `strlcat' undeclared (first use this function)
conftest.cc:35: error: (Each undeclared identifier is reported only once for 
   each function it appears in.)
configure:5825: $? = 1
configure: failed program was:
| /* confdefs.h.  */
| 
| #define PACKAGE_NAME ""
| #define PACKAGE_TARNAME ""
| #define PACKAGE_VERSION ""
| #define PACKAGE_STRING ""
| #define PACKAGE_BUGREPORT ""
| #define PACKAGE "hello"
| #define VERSION "1.0"
| #ifdef __cplusplus
| extern "C" void std::exit (int) throw (); using std::exit;
| #endif
| #define STDC_HEADERS 1
| #define HAVE_SYS_TYPES_H 1
| #define HAVE_SYS_STAT_H 1
| #define HAVE_STDLIB_H 1
| #define HAVE_STRING_H 1
| #define HAVE_MEMORY_H 1
| #define HAVE_STRINGS_H 1
| #define HAVE_INTTYPES_H 1
| #define HAVE_STDINT_H 1
| #define HAVE_UNISTD_H 1
| /* end confdefs.h.  */
| 
| 
| #include <string.h>
| 
| 
| int
| main ()
| {
| 
|  char buf[20];
|   buf[0]='\0';
|   strlcat(buf, "KDE function test", sizeof(buf));
| 
| 
|   ;
|   return 0;
| }
configure:5860: result: no
configure:5863: checking if strlcat needs custom prototype
configure:5967: result: yes - in libkdefakes
configure:5992: checking for strlcpy
configure:6039: g++ -c -g -O2 -pedantic-errors  conftest.cc >&5
conftest.cc: In function `int main()':
conftest.cc:34: error: `strlcpy' undeclared (first use this function)
conftest.cc:34: error: (Each undeclared identifier is reported only once for 
   each function it appears in.)
configure:6045: $? = 1
configure: failed program was:
| /* confdefs.h.  */
| 
| #define PACKAGE_NAME ""
| #define PACKAGE_TARNAME ""
| #define PACKAGE_VERSION ""
| #define PACKAGE_STRING ""
| #define PACKAGE_BUGREPORT ""
| #define PACKAGE "hello"
| #define VERSION "1.0"
| #ifdef __cplusplus
| extern "C" void std::exit (int) throw (); using std::exit;
| #endif
| #define STDC_HEADERS 1
| #define HAVE_SYS_TYPES_H 1
| #define HAVE_SYS_STAT_H 1
| #define HAVE_STDLIB_H 1
| #define HAVE_STRING_H 1
| #define HAVE_MEMORY_H 1
| #define HAVE_STRINGS_H 1
| #define HAVE_INTTYPES_H 1
| #define HAVE_STDINT_H 1
| #define HAVE_UNISTD_H 1
| /* end confdefs.h.  */
| 
| 
| #include <string.h>
| 
| 
| int
| main ()
| {
| 
|  char buf[20];
|   strlcpy(buf, "KDE function test", sizeof(buf));
| 
| 
|   ;
|   return 0;
| }
configure:6080: result: no
configure:6083: checking if strlcpy needs custom prototype
configure:6186: result: yes - in libkdefakes
configure:6210: checking for main in -lutil
configure:6234: gcc -o conftest -g -O2   conftest.c -lutil   >&5
configure:6240: $? = 0
configure:6244: test -z 
			 || test ! -s conftest.err
configure:6247: $? = 0
configure:6250: test -s conftest
configure:6253: $? = 0
configure:6266: result: yes
configure:6272: checking for main in -lcompat
configure:6296: gcc -o conftest -g -O2   conftest.c -lcompat   >&5
/usr/lib/gcc-lib/i686-pc-linux-gnu/3.3.5/../../../../i686-pc-linux-gnu/bin/ld: cannot find -lcompat
collect2: ld returned 1 exit status
configure:6302: $? = 1
configure: failed program was:
| /* confdefs.h.  */
| 
| #define PACKAGE_NAME ""
| #define PACKAGE_TARNAME ""
| #define PACKAGE_VERSION ""
| #define PACKAGE_STRING ""
| #define PACKAGE_BUGREPORT ""
| #define PACKAGE "hello"
| #define VERSION "1.0"
| #ifdef __cplusplus
| extern "C" void std::exit (int) throw (); using std::exit;
| #endif
| #define STDC_HEADERS 1
| #define HAVE_SYS_TYPES_H 1
| #define HAVE_SYS_STAT_H 1
| #define HAVE_STDLIB_H 1
| #define HAVE_STRING_H 1
| #define HAVE_MEMORY_H 1
| #define HAVE_STRINGS_H 1
| #define HAVE_INTTYPES_H 1
| #define HAVE_STDINT_H 1
| #define HAVE_UNISTD_H 1
| /* end confdefs.h.  */
| 
| 
| int
| main ()
| {
| main ();
|   ;
|   return 0;
| }
configure:6328: result: no
configure:6335: checking for crypt in -lcrypt
configure:6365: gcc -o conftest -g -O2   conftest.c -lcrypt   >&5
configure:6371: $? = 0
configure:6375: test -z 
			 || test ! -s conftest.err
configure:6378: $? = 0
configure:6381: test -s conftest
configure:6384: $? = 0
configure:6397: result: yes
configure:6491: checking for socklen_t
configure:6526: g++ -c -g -O2  conftest.cc >&5
configure:6532: $? = 0
configure:6536: test -z 
			 || test ! -s conftest.err
configure:6539: $? = 0
configure:6542: test -s conftest.o
configure:6545: $? = 0
configure:6566: result: yes
configure:6660: checking for dnet_ntoa in -ldnet
configure:6690: gcc -o conftest -g -O2   conftest.c -ldnet   >&5
/usr/lib/gcc-lib/i686-pc-linux-gnu/3.3.5/../../../../i686-pc-linux-gnu/bin/ld: cannot find -ldnet
collect2: ld returned 1 exit status
configure:6696: $? = 1
configure: failed program was:
| /* confdefs.h.  */
| 
| #define PACKAGE_NAME ""
| #define PACKAGE_TARNAME ""
| #define PACKAGE_VERSION ""
| #define PACKAGE_STRING ""
| #define PACKAGE_BUGREPORT ""
| #define PACKAGE "hello"
| #define VERSION "1.0"
| #ifdef __cplusplus
| extern "C" void std::exit (int) throw (); using std::exit;
| #endif
| #define STDC_HEADERS 1
| #define HAVE_SYS_TYPES_H 1
| #define HAVE_SYS_STAT_H 1
| #define HAVE_STDLIB_H 1
| #define HAVE_STRING_H 1
| #define HAVE_MEMORY_H 1
| #define HAVE_STRINGS_H 1
| #define HAVE_INTTYPES_H 1
| #define HAVE_STDINT_H 1
| #define HAVE_UNISTD_H 1
| #define HAVE_CRYPT 1
| #define kde_socklen_t socklen_t
| #define ksize_t socklen_t
| /* end confdefs.h.  */
| 
| /* Override any gcc2 internal prototype to avoid an error.  */
| #ifdef __cplusplus
| extern "C"
| #endif
| /* We use char because int might match the return type of a gcc2
|    builtin and then its argument prototype would still apply.  */
| char dnet_ntoa ();
| int
| main ()
| {
| dnet_ntoa ();
|   ;
|   return 0;
| }
configure:6722: result: no
configure:6729: checking for dnet_ntoa in -ldnet_stub
configure:6759: gcc -o conftest -g -O2   conftest.c -ldnet_stub   >&5
/usr/lib/gcc-lib/i686-pc-linux-gnu/3.3.5/../../../../i686-pc-linux-gnu/bin/ld: cannot find -ldnet_stub
collect2: ld returned 1 exit status
configure:6765: $? = 1
configure: failed program was:
| /* confdefs.h.  */
| 
| #define PACKAGE_NAME ""
| #define PACKAGE_TARNAME ""
| #define PACKAGE_VERSION ""
| #define PACKAGE_STRING ""
| #define PACKAGE_BUGREPORT ""
| #define PACKAGE "hello"
| #define VERSION "1.0"
| #ifdef __cplusplus
| extern "C" void std::exit (int) throw (); using std::exit;
| #endif
| #define STDC_HEADERS 1
| #define HAVE_SYS_TYPES_H 1
| #define HAVE_SYS_STAT_H 1
| #define HAVE_STDLIB_H 1
| #define HAVE_STRING_H 1
| #define HAVE_MEMORY_H 1
| #define HAVE_STRINGS_H 1
| #define HAVE_INTTYPES_H 1
| #define HAVE_STDINT_H 1
| #define HAVE_UNISTD_H 1
| #define HAVE_CRYPT 1
| #define kde_socklen_t socklen_t
| #define ksize_t socklen_t
| /* end confdefs.h.  */
| 
| /* Override any gcc2 internal prototype to avoid an error.  */
| #ifdef __cplusplus
| extern "C"
| #endif
| /* We use char because int might match the return type of a gcc2
|    builtin and then its argument prototype would still apply.  */
| char dnet_ntoa ();
| int
| main ()
| {
| dnet_ntoa ();
|   ;
|   return 0;
| }
configure:6791: result: no
configure:6798: checking for inet_ntoa
configure:6855: gcc -o conftest -g -O2   conftest.c  >&5
configure:6861: $? = 0
configure:6865: test -z 
			 || test ! -s conftest.err
configure:6868: $? = 0
configure:6871: test -s conftest
configure:6874: $? = 0
configure:6886: result: yes
configure:6959: checking for connect
configure:7016: gcc -o conftest -g -O2   conftest.c  >&5
configure:7022: $? = 0
configure:7026: test -z 
			 || test ! -s conftest.err
configure:7029: $? = 0
configure:7032: test -s conftest
configure:7035: $? = 0
configure:7047: result: yes
configure:7121: checking for remove
configure:7178: gcc -o conftest -g -O2   conftest.c  >&5
configure:7184: $? = 0
configure:7188: test -z 
			 || test ! -s conftest.err
configure:7191: $? = 0
configure:7194: test -s conftest
configure:7197: $? = 0
configure:7209: result: yes
configure:7284: checking for shmat
configure:7341: gcc -o conftest -g -O2   conftest.c  >&5
configure:7347: $? = 0
configure:7351: test -z 
			 || test ! -s conftest.err
configure:7354: $? = 0
configure:7357: test -s conftest
configure:7360: $? = 0
configure:7372: result: yes
configure:7455: checking for sys/types.h
configure:7460: result: yes
configure:7455: checking for stdint.h
configure:7460: result: yes
configure:7616: checking sys/bitypes.h usability
configure:7628: gcc -c -g -O2  conftest.c >&5
configure:7634: $? = 0
configure:7638: test -z 
			 || test ! -s conftest.err
configure:7641: $? = 0
configure:7644: test -s conftest.o
configure:7647: $? = 0
configure:7657: result: yes
configure:7661: checking sys/bitypes.h presence
configure:7671: gcc -E  conftest.c
configure:7677: $? = 0
configure:7697: result: yes
configure:7732: checking for sys/bitypes.h
configure:7739: result: yes
configure:7754: checking for poll in -lpoll
configure:7784: gcc -o conftest -g -O2   conftest.c -lpoll   >&5
/usr/lib/gcc-lib/i686-pc-linux-gnu/3.3.5/../../../../i686-pc-linux-gnu/bin/ld: cannot find -lpoll
collect2: ld returned 1 exit status
configure:7790: $? = 1
configure: failed program was:
| /* confdefs.h.  */
| 
| #define PACKAGE_NAME ""
| #define PACKAGE_TARNAME ""
| #define PACKAGE_VERSION ""
| #define PACKAGE_STRING ""
| #define PACKAGE_BUGREPORT ""
| #define PACKAGE "hello"
| #define VERSION "1.0"
| #ifdef __cplusplus
| extern "C" void std::exit (int) throw (); using std::exit;
| #endif
| #define STDC_HEADERS 1
| #define HAVE_SYS_TYPES_H 1
| #define HAVE_SYS_STAT_H 1
| #define HAVE_STDLIB_H 1
| #define HAVE_STRING_H 1
| #define HAVE_MEMORY_H 1
| #define HAVE_STRINGS_H 1
| #define HAVE_INTTYPES_H 1
| #define HAVE_STDINT_H 1
| #define HAVE_UNISTD_H 1
| #define HAVE_CRYPT 1
| #define kde_socklen_t socklen_t
| #define ksize_t socklen_t
| #define HAVE_SYS_TYPES_H 1
| #define HAVE_STDINT_H 1
| #define HAVE_SYS_BITYPES_H 1
| /* end confdefs.h.  */
| 
| /* Override any gcc2 internal prototype to avoid an error.  */
| #ifdef __cplusplus
| extern "C"
| #endif
| /* We use char because int might match the return type of a gcc2
|    builtin and then its argument prototype would still apply.  */
| char poll ();
| int
| main ()
| {
| poll ();
|   ;
|   return 0;
| }
configure:7816: result: no
configure:7838: checking Carbon/Carbon.h usability
configure:7850: gcc -c -g -O2  conftest.c >&5
conftest.c:64:27: Carbon/Carbon.h: No such file or directory
configure:7856: $? = 1
configure: failed program was:
| /* confdefs.h.  */
| 
| #define PACKAGE_NAME ""
| #define PACKAGE_TARNAME ""
| #define PACKAGE_VERSION ""
| #define PACKAGE_STRING ""
| #define PACKAGE_BUGREPORT ""
| #define PACKAGE "hello"
| #define VERSION "1.0"
| #ifdef __cplusplus
| extern "C" void std::exit (int) throw (); using std::exit;
| #endif
| #define STDC_HEADERS 1
| #define HAVE_SYS_TYPES_H 1
| #define HAVE_SYS_STAT_H 1
| #define HAVE_STDLIB_H 1
| #define HAVE_STRING_H 1
| #define HAVE_MEMORY_H 1
| #define HAVE_STRINGS_H 1
| #define HAVE_INTTYPES_H 1
| #define HAVE_STDINT_H 1
| #define HAVE_UNISTD_H 1
| #define HAVE_CRYPT 1
| #define kde_socklen_t socklen_t
| #define ksize_t socklen_t
| #define HAVE_SYS_TYPES_H 1
| #define HAVE_STDINT_H 1
| #define HAVE_SYS_BITYPES_H 1
| /* end confdefs.h.  */
| #include <stdio.h>
| #if HAVE_SYS_TYPES_H
| # include <sys/types.h>
| #endif
| #if HAVE_SYS_STAT_H
| # include <sys/stat.h>
| #endif
| #if STDC_HEADERS
| # include <stdlib.h>
| # include <stddef.h>
| #else
| # if HAVE_STDLIB_H
| #  include <stdlib.h>
| # endif
| #endif
| #if HAVE_STRING_H
| # if !STDC_HEADERS && HAVE_MEMORY_H
| #  include <memory.h>
| # endif
| # include <string.h>
| #endif
| #if HAVE_STRINGS_H
| # include <strings.h>
| #endif
| #if HAVE_INTTYPES_H
| # include <inttypes.h>
| #else
| # if HAVE_STDINT_H
| #  include <stdint.h>
| # endif
| #endif
| #if HAVE_UNISTD_H
| # include <unistd.h>
| #endif
| #include <Carbon/Carbon.h>
configure:7879: result: no
configure:7883: checking Carbon/Carbon.h presence
configure:7893: gcc -E  conftest.c
conftest.c:30:27: Carbon/Carbon.h: No such file or directory
configure:7899: $? = 1
configure: failed program was:
| /* confdefs.h.  */
| 
| #define PACKAGE_NAME ""
| #define PACKAGE_TARNAME ""
| #define PACKAGE_VERSION ""
| #define PACKAGE_STRING ""
| #define PACKAGE_BUGREPORT ""
| #define PACKAGE "hello"
| #define VERSION "1.0"
| #ifdef __cplusplus
| extern "C" void std::exit (int) throw (); using std::exit;
| #endif
| #define STDC_HEADERS 1
| #define HAVE_SYS_TYPES_H 1
| #define HAVE_SYS_STAT_H 1
| #define HAVE_STDLIB_H 1
| #define HAVE_STRING_H 1
| #define HAVE_MEMORY_H 1
| #define HAVE_STRINGS_H 1
| #define HAVE_INTTYPES_H 1
| #define HAVE_STDINT_H 1
| #define HAVE_UNISTD_H 1
| #define HAVE_CRYPT 1
| #define kde_socklen_t socklen_t
| #define ksize_t socklen_t
| #define HAVE_SYS_TYPES_H 1
| #define HAVE_STDINT_H 1
| #define HAVE_SYS_BITYPES_H 1
| /* end confdefs.h.  */
| #include <Carbon/Carbon.h>
configure:7919: result: no
configure:7954: checking for Carbon/Carbon.h
configure:7961: result: no
configure:7986: checking CoreAudio/CoreAudio.h usability
configure:7998: gcc -c -g -O2  conftest.c >&5
conftest.c:64:33: CoreAudio/CoreAudio.h: No such file or directory
configure:8004: $? = 1
configure: failed program was:
| /* confdefs.h.  */
| 
| #define PACKAGE_NAME ""
| #define PACKAGE_TARNAME ""
| #define PACKAGE_VERSION ""
| #define PACKAGE_STRING ""
| #define PACKAGE_BUGREPORT ""
| #define PACKAGE "hello"
| #define VERSION "1.0"
| #ifdef __cplusplus
| extern "C" void std::exit (int) throw (); using std::exit;
| #endif
| #define STDC_HEADERS 1
| #define HAVE_SYS_TYPES_H 1
| #define HAVE_SYS_STAT_H 1
| #define HAVE_STDLIB_H 1
| #define HAVE_STRING_H 1
| #define HAVE_MEMORY_H 1
| #define HAVE_STRINGS_H 1
| #define HAVE_INTTYPES_H 1
| #define HAVE_STDINT_H 1
| #define HAVE_UNISTD_H 1
| #define HAVE_CRYPT 1
| #define kde_socklen_t socklen_t
| #define ksize_t socklen_t
| #define HAVE_SYS_TYPES_H 1
| #define HAVE_STDINT_H 1
| #define HAVE_SYS_BITYPES_H 1
| /* end confdefs.h.  */
| #include <stdio.h>
| #if HAVE_SYS_TYPES_H
| # include <sys/types.h>
| #endif
| #if HAVE_SYS_STAT_H
| # include <sys/stat.h>
| #endif
| #if STDC_HEADERS
| # include <stdlib.h>
| # include <stddef.h>
| #else
| # if HAVE_STDLIB_H
| #  include <stdlib.h>
| # endif
| #endif
| #if HAVE_STRING_H
| # if !STDC_HEADERS && HAVE_MEMORY_H
| #  include <memory.h>
| # endif
| # include <string.h>
| #endif
| #if HAVE_STRINGS_H
| # include <strings.h>
| #endif
| #if HAVE_INTTYPES_H
| # include <inttypes.h>
| #else
| # if HAVE_STDINT_H
| #  include <stdint.h>
| # endif
| #endif
| #if HAVE_UNISTD_H
| # include <unistd.h>
| #endif
| #include <CoreAudio/CoreAudio.h>
configure:8027: result: no
configure:8031: checking CoreAudio/CoreAudio.h presence
configure:8041: gcc -E  conftest.c
conftest.c:30:33: CoreAudio/CoreAudio.h: No such file or directory
configure:8047: $? = 1
configure: failed program was:
| /* confdefs.h.  */
| 
| #define PACKAGE_NAME ""
| #define PACKAGE_TARNAME ""
| #define PACKAGE_VERSION ""
| #define PACKAGE_STRING ""
| #define PACKAGE_BUGREPORT ""
| #define PACKAGE "hello"
| #define VERSION "1.0"
| #ifdef __cplusplus
| extern "C" void std::exit (int) throw (); using std::exit;
| #endif
| #define STDC_HEADERS 1
| #define HAVE_SYS_TYPES_H 1
| #define HAVE_SYS_STAT_H 1
| #define HAVE_STDLIB_H 1
| #define HAVE_STRING_H 1
| #define HAVE_MEMORY_H 1
| #define HAVE_STRINGS_H 1
| #define HAVE_INTTYPES_H 1
| #define HAVE_STDINT_H 1
| #define HAVE_UNISTD_H 1
| #define HAVE_CRYPT 1
| #define kde_socklen_t socklen_t
| #define ksize_t socklen_t
| #define HAVE_SYS_TYPES_H 1
| #define HAVE_STDINT_H 1
| #define HAVE_SYS_BITYPES_H 1
| /* end confdefs.h.  */
| #include <CoreAudio/CoreAudio.h>
configure:8067: result: no
configure:8102: checking for CoreAudio/CoreAudio.h
configure:8109: result: no
configure:8127: checking if res_init needs -lresolv
configure:8154: gcc -o conftest -g -O2   conftest.c   -lresolv >&5
configure:8160: $? = 0
configure:8164: test -z 
			 || test ! -s conftest.err
configure:8167: $? = 0
configure:8170: test -s conftest
configure:8173: $? = 0
configure:8177: result: yes
configure:8199: checking for res_init
configure:8249: g++ -c -g -O2 -pedantic-errors  conftest.cc >&5
configure:8255: $? = 0
configure:8259: test -z 
			 || test ! -s conftest.err
configure:8262: $? = 0
configure:8265: test -s conftest.o
configure:8268: $? = 0
configure:8290: result: yes
configure:8293: checking if res_init needs custom prototype
configure:8397: result: no
configure:8425: checking for killpg in -lucb
configure:8455: gcc -o conftest -g -O2   conftest.c -lucb   >&5
/usr/lib/gcc-lib/i686-pc-linux-gnu/3.3.5/../../../../i686-pc-linux-gnu/bin/ld: cannot find -lucb
collect2: ld returned 1 exit status
configure:8461: $? = 1
configure: failed program was:
| /* confdefs.h.  */
| 
| #define PACKAGE_NAME ""
| #define PACKAGE_TARNAME ""
| #define PACKAGE_VERSION ""
| #define PACKAGE_STRING ""
| #define PACKAGE_BUGREPORT ""
| #define PACKAGE "hello"
| #define VERSION "1.0"
| #ifdef __cplusplus
| extern "C" void std::exit (int) throw (); using std::exit;
| #endif
| #define STDC_HEADERS 1
| #define HAVE_SYS_TYPES_H 1
| #define HAVE_SYS_STAT_H 1
| #define HAVE_STDLIB_H 1
| #define HAVE_STRING_H 1
| #define HAVE_MEMORY_H 1
| #define HAVE_STRINGS_H 1
| #define HAVE_INTTYPES_H 1
| #define HAVE_STDINT_H 1
| #define HAVE_UNISTD_H 1
| #define HAVE_CRYPT 1
| #define kde_socklen_t socklen_t
| #define ksize_t socklen_t
| #define HAVE_SYS_TYPES_H 1
| #define HAVE_STDINT_H 1
| #define HAVE_SYS_BITYPES_H 1
| #define HAVE_RES_INIT 1
| #define HAVE_RES_INIT 1
| #define HAVE_RES_INIT_PROTO 1
| /* end confdefs.h.  */
| 
| /* Override any gcc2 internal prototype to avoid an error.  */
| #ifdef __cplusplus
| extern "C"
| #endif
| /* We use char because int might match the return type of a gcc2
|    builtin and then its argument prototype would still apply.  */
| char killpg ();
| int
| main ()
| {
| killpg ();
|   ;
|   return 0;
| }
configure:8487: result: no
configure:8570: checking for int
configure:8594: gcc -c -g -O2  conftest.c >&5
configure:8600: $? = 0
configure:8604: test -z 
			 || test ! -s conftest.err
configure:8607: $? = 0
configure:8610: test -s conftest.o
configure:8613: $? = 0
configure:8624: result: yes
configure:8627: checking size of int
configure:8946: gcc -o conftest -g -O2   conftest.c  >&5
configure:8949: $? = 0
configure:8951: ./conftest
configure:8954: $? = 0
configure:8977: result: 4
configure:8983: checking for short
configure:9007: gcc -c -g -O2  conftest.c >&5
configure:9013: $? = 0
configure:9017: test -z 
			 || test ! -s conftest.err
configure:9020: $? = 0
configure:9023: test -s conftest.o
configure:9026: $? = 0
configure:9037: result: yes
configure:9040: checking size of short
configure:9359: gcc -o conftest -g -O2   conftest.c  >&5
configure:9362: $? = 0
configure:9364: ./conftest
configure:9367: $? = 0
configure:9390: result: 2
configure:9396: checking for long
configure:9420: gcc -c -g -O2  conftest.c >&5
configure:9426: $? = 0
configure:9430: test -z 
			 || test ! -s conftest.err
configure:9433: $? = 0
configure:9436: test -s conftest.o
configure:9439: $? = 0
configure:9450: result: yes
configure:9453: checking size of long
configure:9772: gcc -o conftest -g -O2   conftest.c  >&5
configure:9775: $? = 0
configure:9777: ./conftest
configure:9780: $? = 0
configure:9803: result: 4
configure:9809: checking for char *
configure:9833: gcc -c -g -O2  conftest.c >&5
configure:9839: $? = 0
configure:9843: test -z 
			 || test ! -s conftest.err
configure:9846: $? = 0
configure:9849: test -s conftest.o
configure:9852: $? = 0
configure:9863: result: yes
configure:9866: checking size of char *
configure:10185: gcc -o conftest -g -O2   conftest.c  >&5
configure:10188: $? = 0
configure:10190: ./conftest
configure:10193: $? = 0
configure:10216: result: 4
configure:10224: checking for dlopen in -ldl
configure:10254: gcc -o conftest -g -O2   conftest.c -ldl   >&5
configure:10260: $? = 0
configure:10264: test -z 
			 || test ! -s conftest.err
configure:10267: $? = 0
configure:10270: test -s conftest
configure:10273: $? = 0
configure:10286: result: yes
configure:10296: checking for shl_unload in -ldld
configure:10326: gcc -o conftest -g -O2   conftest.c -ldld   >&5
/usr/lib/gcc-lib/i686-pc-linux-gnu/3.3.5/../../../../i686-pc-linux-gnu/bin/ld: cannot find -ldld
collect2: ld returned 1 exit status
configure:10332: $? = 1
configure: failed program was:
| /* confdefs.h.  */
| 
| #define PACKAGE_NAME ""
| #define PACKAGE_TARNAME ""
| #define PACKAGE_VERSION ""
| #define PACKAGE_STRING ""
| #define PACKAGE_BUGREPORT ""
| #define PACKAGE "hello"
| #define VERSION "1.0"
| #ifdef __cplusplus
| extern "C" void std::exit (int) throw (); using std::exit;
| #endif
| #define STDC_HEADERS 1
| #define HAVE_SYS_TYPES_H 1
| #define HAVE_SYS_STAT_H 1
| #define HAVE_STDLIB_H 1
| #define HAVE_STRING_H 1
| #define HAVE_MEMORY_H 1
| #define HAVE_STRINGS_H 1
| #define HAVE_INTTYPES_H 1
| #define HAVE_STDINT_H 1
| #define HAVE_UNISTD_H 1
| #define HAVE_CRYPT 1
| #define kde_socklen_t socklen_t
| #define ksize_t socklen_t
| #define HAVE_SYS_TYPES_H 1
| #define HAVE_STDINT_H 1
| #define HAVE_SYS_BITYPES_H 1
| #define HAVE_RES_INIT 1
| #define HAVE_RES_INIT 1
| #define HAVE_RES_INIT_PROTO 1
| #define SIZEOF_INT 4
| #define SIZEOF_SHORT 2
| #define SIZEOF_LONG 4
| #define SIZEOF_CHAR_P 4
| /* end confdefs.h.  */
| 
| /* Override any gcc2 internal prototype to avoid an error.  */
| #ifdef __cplusplus
| extern "C"
| #endif
| /* We use char because int might match the return type of a gcc2
|    builtin and then its argument prototype would still apply.  */
| char shl_unload ();
| int
| main ()
| {
| shl_unload ();
|   ;
|   return 0;
| }
configure:10358: result: no
configure:10373: checking for size_t
configure:10397: gcc -c -g -O2  conftest.c >&5
configure:10403: $? = 0
configure:10407: test -z 
			 || test ! -s conftest.err
configure:10410: $? = 0
configure:10413: test -s conftest.o
configure:10416: $? = 0
configure:10427: result: yes
configure:10430: checking size of size_t
configure:10749: gcc -o conftest -g -O2   conftest.c  >&5
configure:10752: $? = 0
configure:10754: ./conftest
configure:10757: $? = 0
configure:10780: result: 4
configure:10787: checking for unsigned long
configure:10811: gcc -c -g -O2  conftest.c >&5
configure:10817: $? = 0
configure:10821: test -z 
			 || test ! -s conftest.err
configure:10824: $? = 0
configure:10827: test -s conftest.o
configure:10830: $? = 0
configure:10841: result: yes
configure:10844: checking size of unsigned long
configure:11163: gcc -o conftest -g -O2   conftest.c  >&5
configure:11166: $? = 0
configure:11168: ./conftest
configure:11171: $? = 0
configure:11194: result: 4
configure:11202: checking sizeof size_t == sizeof unsigned long
configure:11224: gcc -c -g -O2  conftest.c >&5
configure:11230: $? = 0
configure:11234: test -z 
			 || test ! -s conftest.err
configure:11237: $? = 0
configure:11240: test -s conftest.o
configure:11243: $? = 0
configure:11245: result: yes
configure:11268: checking for PIE support
configure:11306: rm -rf SunWS_cache; g++ -o conftest -g -O2 -fpie   -pie conftest.cc  1>&5
configure:11312: $? = 0
configure:11316: test -z 
			 || test ! -s conftest.err
configure:11319: $? = 0
configure:11322: test -s conftest
configure:11325: $? = 0
configure:11347: result: yes
configure:11350: checking if enabling -pie/fpie support
configure:11365: result: yes
configure:11395: checking crt_externs.h usability
configure:11407: gcc -c -g -O2  conftest.c >&5
conftest.c:73:25: crt_externs.h: No such file or directory
configure:11413: $? = 1
configure: failed program was:
| /* confdefs.h.  */
| 
| #define PACKAGE_NAME ""
| #define PACKAGE_TARNAME ""
| #define PACKAGE_VERSION ""
| #define PACKAGE_STRING ""
| #define PACKAGE_BUGREPORT ""
| #define PACKAGE "hello"
| #define VERSION "1.0"
| #ifdef __cplusplus
| extern "C" void std::exit (int) throw (); using std::exit;
| #endif
| #define STDC_HEADERS 1
| #define HAVE_SYS_TYPES_H 1
| #define HAVE_SYS_STAT_H 1
| #define HAVE_STDLIB_H 1
| #define HAVE_STRING_H 1
| #define HAVE_MEMORY_H 1
| #define HAVE_STRINGS_H 1
| #define HAVE_INTTYPES_H 1
| #define HAVE_STDINT_H 1
| #define HAVE_UNISTD_H 1
| #define HAVE_CRYPT 1
| #define kde_socklen_t socklen_t
| #define ksize_t socklen_t
| #define HAVE_SYS_TYPES_H 1
| #define HAVE_STDINT_H 1
| #define HAVE_SYS_BITYPES_H 1
| #define HAVE_RES_INIT 1
| #define HAVE_RES_INIT 1
| #define HAVE_RES_INIT_PROTO 1
| #define SIZEOF_INT 4
| #define SIZEOF_SHORT 2
| #define SIZEOF_LONG 4
| #define SIZEOF_CHAR_P 4
| #define SIZEOF_SIZE_T 4
| #define SIZEOF_UNSIGNED_LONG 4
| /* end confdefs.h.  */
| #include <stdio.h>
| #if HAVE_SYS_TYPES_H
| # include <sys/types.h>
| #endif
| #if HAVE_SYS_STAT_H
| # include <sys/stat.h>
| #endif
| #if STDC_HEADERS
| # include <stdlib.h>
| # include <stddef.h>
| #else
| # if HAVE_STDLIB_H
| #  include <stdlib.h>
| # endif
| #endif
| #if HAVE_STRING_H
| # if !STDC_HEADERS && HAVE_MEMORY_H
| #  include <memory.h>
| # endif
| # include <string.h>
| #endif
| #if HAVE_STRINGS_H
| # include <strings.h>
| #endif
| #if HAVE_INTTYPES_H
| # include <inttypes.h>
| #else
| # if HAVE_STDINT_H
| #  include <stdint.h>
| # endif
| #endif
| #if HAVE_UNISTD_H
| # include <unistd.h>
| #endif
| #include <crt_externs.h>
configure:11436: result: no
configure:11440: checking crt_externs.h presence
configure:11450: gcc -E  conftest.c
conftest.c:39:25: crt_externs.h: No such file or directory
configure:11456: $? = 1
configure: failed program was:
| /* confdefs.h.  */
| 
| #define PACKAGE_NAME ""
| #define PACKAGE_TARNAME ""
| #define PACKAGE_VERSION ""
| #define PACKAGE_STRING ""
| #define PACKAGE_BUGREPORT ""
| #define PACKAGE "hello"
| #define VERSION "1.0"
| #ifdef __cplusplus
| extern "C" void std::exit (int) throw (); using std::exit;
| #endif
| #define STDC_HEADERS 1
| #define HAVE_SYS_TYPES_H 1
| #define HAVE_SYS_STAT_H 1
| #define HAVE_STDLIB_H 1
| #define HAVE_STRING_H 1
| #define HAVE_MEMORY_H 1
| #define HAVE_STRINGS_H 1
| #define HAVE_INTTYPES_H 1
| #define HAVE_STDINT_H 1
| #define HAVE_UNISTD_H 1
| #define HAVE_CRYPT 1
| #define kde_socklen_t socklen_t
| #define ksize_t socklen_t
| #define HAVE_SYS_TYPES_H 1
| #define HAVE_STDINT_H 1
| #define HAVE_SYS_BITYPES_H 1
| #define HAVE_RES_INIT 1
| #define HAVE_RES_INIT 1
| #define HAVE_RES_INIT_PROTO 1
| #define SIZEOF_INT 4
| #define SIZEOF_SHORT 2
| #define SIZEOF_LONG 4
| #define SIZEOF_CHAR_P 4
| #define SIZEOF_SIZE_T 4
| #define SIZEOF_UNSIGNED_LONG 4
| /* end confdefs.h.  */
| #include <crt_externs.h>
configure:11476: result: no
configure:11511: checking for crt_externs.h
configure:11518: result: no
configure:11531: checking for _NSGetEnviron
configure:11588: gcc -o conftest -g -O2   conftest.c  >&5
/tmp/cci6Sqhp.o(.text+0x11): In function `main':
/home/piton/programs/Password keeper/distr/hello/conftest.c:79: undefined reference to `_NSGetEnviron'
/tmp/cci6Sqhp.o(.data+0x0): undefined reference to `_NSGetEnviron'
collect2: ld returned 1 exit status
configure:11594: $? = 1
configure: failed program was:
| /* confdefs.h.  */
| 
| #define PACKAGE_NAME ""
| #define PACKAGE_TARNAME ""
| #define PACKAGE_VERSION ""
| #define PACKAGE_STRING ""
| #define PACKAGE_BUGREPORT ""
| #define PACKAGE "hello"
| #define VERSION "1.0"
| #ifdef __cplusplus
| extern "C" void std::exit (int) throw (); using std::exit;
| #endif
| #define STDC_HEADERS 1
| #define HAVE_SYS_TYPES_H 1
| #define HAVE_SYS_STAT_H 1
| #define HAVE_STDLIB_H 1
| #define HAVE_STRING_H 1
| #define HAVE_MEMORY_H 1
| #define HAVE_STRINGS_H 1
| #define HAVE_INTTYPES_H 1
| #define HAVE_STDINT_H 1
| #define HAVE_UNISTD_H 1
| #define HAVE_CRYPT 1
| #define kde_socklen_t socklen_t
| #define ksize_t socklen_t
| #define HAVE_SYS_TYPES_H 1
| #define HAVE_STDINT_H 1
| #define HAVE_SYS_BITYPES_H 1
| #define HAVE_RES_INIT 1
| #define HAVE_RES_INIT 1
| #define HAVE_RES_INIT_PROTO 1
| #define SIZEOF_INT 4
| #define SIZEOF_SHORT 2
| #define SIZEOF_LONG 4
| #define SIZEOF_CHAR_P 4
| #define SIZEOF_SIZE_T 4
| #define SIZEOF_UNSIGNED_LONG 4
| /* end confdefs.h.  */
| /* Define _NSGetEnviron to an innocuous variant, in case <limits.h> declares _NSGetEnviron.
|    For example, HP-UX 11i <limits.h> declares gettimeofday.  */
| #define _NSGetEnviron innocuous__NSGetEnviron
| 
| /* System header to define __stub macros and hopefully few prototypes,
|     which can conflict with char _NSGetEnviron (); below.
|     Prefer <limits.h> to <assert.h> if __STDC__ is defined, since
|     <limits.h> exists even on freestanding compilers.  */
| 
| #ifdef __STDC__
| # include <limits.h>
| #else
| # include <assert.h>
| #endif
| 
| #undef _NSGetEnviron
| 
| /* Override any gcc2 internal prototype to avoid an error.  */
| #ifdef __cplusplus
| extern "C"
| {
| #endif
| /* We use char because int might match the return type of a gcc2
|    builtin and then its argument prototype would still apply.  */
| char _NSGetEnviron ();
| /* The GNU C library defines this for functions which it implements
|     to always fail with ENOSYS.  Some functions are actually named
|     something starting with __ and the normal name is an alias.  */
| #if defined (__stub__NSGetEnviron) || defined (__stub____NSGetEnviron)
| choke me
| #else
| char (*f) () = _NSGetEnviron;
| #endif
| #ifdef __cplusplus
| }
| #endif
| 
| int
| main ()
| {
| return f != _NSGetEnviron;
|   ;
|   return 0;
| }
configure:11619: result: no
configure:11641: checking for vsnprintf
configure:11698: gcc -o conftest -g -O2   conftest.c  >&5
conftest.c:63: warning: conflicting types for built-in function `vsnprintf'
configure:11704: $? = 0
configure:11708: test -z 
			 || test ! -s conftest.err
configure:11711: $? = 0
configure:11714: test -s conftest
configure:11717: $? = 0
configure:11729: result: yes
configure:11641: checking for snprintf
configure:11698: gcc -o conftest -g -O2   conftest.c  >&5
conftest.c:64: warning: conflicting types for built-in function `snprintf'
configure:11704: $? = 0
configure:11708: test -z 
			 || test ! -s conftest.err
configure:11711: $? = 0
configure:11714: test -s conftest
configure:11717: $? = 0
configure:11729: result: yes
configure:11760: result: not using lib directory suffix
configure:11825: checking for X
configure:11863: gcc -E  conftest.c
configure:11869: $? = 0
configure:11960: gcc -o conftest -g -O2   conftest.c -lXt  >&5
configure:11966: $? = 0
configure:11970: test -z 
			 || test ! -s conftest.err
configure:11973: $? = 0
configure:11976: test -s conftest
configure:11979: $? = 0
configure:12125: result: libraries /usr/lib, headers .
configure:12154: checking for IceConnectionNumber in -lICE
configure:12184: gcc -o conftest -g -O2   -L/usr/lib conftest.c -lICE   >&5
configure:12190: $? = 0
configure:12194: test -z 
			 || test ! -s conftest.err
configure:12197: $? = 0
configure:12200: test -s conftest
configure:12203: $? = 0
configure:12216: result: yes
configure:12226: checking for libXext
configure:12261: gcc -o conftest -g -O2   -L/usr/lib  conftest.c -lXext -lX11  >&5
configure:12267: $? = 0
configure:12271: test -z 
			 || test ! -s conftest.err
configure:12274: $? = 0
configure:12277: test -s conftest
configure:12280: $? = 0
configure:12299: result: yes
configure:12534: checking for pthread_create in -lpthread
configure:12564: gcc -o conftest -g -O2   conftest.c -lpthread   >&5
configure:12570: $? = 0
configure:12574: test -z 
			 || test ! -s conftest.err
configure:12577: $? = 0
configure:12580: test -s conftest
configure:12583: $? = 0
configure:12596: result: yes
configure:12876: checking for extra includes
configure:12904: result: no
configure:12908: checking for extra libs
configure:12937: result: no
configure:12943: checking for libz
configure:12978: gcc -o conftest -g -O2 -I.    conftest.c -L/usr/lib    -lz  >&5
configure:12984: $? = 0
configure:12988: test -z 
			 || test ! -s conftest.err
configure:12991: $? = 0
configure:12994: test -s conftest
configure:12997: $? = 0
configure:13019: result: -lz
configure:13040: checking for libpng
configure:13077: gcc -o conftest -g -O2 -I.    conftest.c  -L/usr/lib    -lpng -lz -lm -lX11  >&5
configure:13083: $? = 0
configure:13087: test -z 
			 || test ! -s conftest.err
configure:13090: $? = 0
configure:13093: test -s conftest
configure:13096: $? = 0
configure:13120: result: -lpng -lz -lm
configure:13131: checking for libjpeg6b
configure:13165: gcc -o conftest -g -O2 -I.    conftest.c -L/usr/lib    -ljpeg6b -lm >&5
/usr/lib/gcc-lib/i686-pc-linux-gnu/3.3.5/../../../../i686-pc-linux-gnu/bin/ld: cannot find -ljpeg6b
collect2: ld returned 1 exit status
configure:13171: $? = 1
configure: failed program was:
| /* confdefs.h.  */
| 
| #define PACKAGE_NAME ""
| #define PACKAGE_TARNAME ""
| #define PACKAGE_VERSION ""
| #define PACKAGE_STRING ""
| #define PACKAGE_BUGREPORT ""
| #define PACKAGE "hello"
| #define VERSION "1.0"
| #ifdef __cplusplus
| extern "C" void std::exit (int) throw (); using std::exit;
| #endif
| #define STDC_HEADERS 1
| #define HAVE_SYS_TYPES_H 1
| #define HAVE_SYS_STAT_H 1
| #define HAVE_STDLIB_H 1
| #define HAVE_STRING_H 1
| #define HAVE_MEMORY_H 1
| #define HAVE_STRINGS_H 1
| #define HAVE_INTTYPES_H 1
| #define HAVE_STDINT_H 1
| #define HAVE_UNISTD_H 1
| #define HAVE_CRYPT 1
| #define kde_socklen_t socklen_t
| #define ksize_t socklen_t
| #define HAVE_SYS_TYPES_H 1
| #define HAVE_STDINT_H 1
| #define HAVE_SYS_BITYPES_H 1
| #define HAVE_RES_INIT 1
| #define HAVE_RES_INIT 1
| #define HAVE_RES_INIT_PROTO 1
| #define SIZEOF_INT 4
| #define SIZEOF_SHORT 2
| #define SIZEOF_LONG 4
| #define SIZEOF_CHAR_P 4
| #define SIZEOF_SIZE_T 4
| #define SIZEOF_UNSIGNED_LONG 4
| #define HAVE_VSNPRINTF 1
| #define HAVE_SNPRINTF 1
| #define KDELIBSUFF ""
| #define HAVE_LIBZ 1
| #define HAVE_LIBPNG 1
| /* end confdefs.h.  */
| 
| #ifdef __cplusplus
| extern "C" {
| #endif
| void jpeg_CreateDecompress();
| #ifdef __cplusplus
| }
| #endif
| 
| int
| main ()
| {
| jpeg_CreateDecompress();
|   ;
|   return 0;
| }
configure:13206: result: no
configure:13209: checking for libjpeg
configure:13243: gcc -o conftest -g -O2 -I.    conftest.c -L/usr/lib    -ljpeg -lm >&5
configure:13249: $? = 0
configure:13253: test -z 
			 || test ! -s conftest.err
configure:13256: $? = 0
configure:13259: test -s conftest
configure:13262: $? = 0
configure:13281: result: -ljpeg
configure: 13308: ${prefix}/include/jpeglib.h
configure: 13308: /usr/include/jpeglib.h
taking that
configure:13352: checking for perl
configure:13412: result: /usr/bin/perl
configure:13538: checking for Qt
configure: 13606: /usr/qt/3/include/qstyle.h
taking that
tried NO
configure:13721: rm -rf SunWS_cache; g++ -o conftest -g -O2 -I/usr/qt/3/include -I.  -DQT_THREAD_SUPPORT   -L/usr/qt/3/lib -L/usr/lib     conftest.cc  -lqt-mt -lpng -lz -lm -ljpeg -ldl  -lXext -lX11 -lSM -lICE  -lpthread 1>&5
configure:13724: $? = 0
configure:13783: result: libraries /usr/qt/3/lib, headers /usr/qt/3/include using -mt
configure:13965: checking for moc
configure:14037: result: /usr/qt/3/bin/moc
configure:14045: checking for uic
configure:14099: result: /usr/qt/3/bin/uic
configure:14130: checking whether uic supports -L 
configure:14141: /usr/qt/3/bin/uic -L /nonexistent conftest.ui >/dev/null
configure:14144: $? = 0
configure:14156: result: yes
configure:14168: checking whether uic supports -nounload 
configure:14179: /usr/qt/3/bin/uic -nounload  conftest.ui >/dev/null
configure:14182: $? = 0
configure:14194: result: yes
configure:14231: checking if Qt needs -ljpeg
configure:14272: rm -rf SunWS_cache; g++ -o conftest -g -O2 -I/usr/qt/3/include -I.   -DQT_THREAD_SUPPORT   conftest.cc -L/usr/qt/3/lib -L/usr/lib -lqt-mt -lpng -lz -lm  -ldl -lXext -lX11 -lSM -lICE 1>&5
configure:14278: $? = 0
configure:14282: test -z 
			 || test ! -s conftest.err
configure:14285: $? = 0
configure:14288: test -s conftest
configure:14291: $? = 0
configure:14320: result: no
configure:14494: creating ./config.status

## ---------------------- ##
## Running config.status. ##
## ---------------------- ##

This file was extended by config.status, which was
generated by GNU Autoconf 2.59.  Invocation command line was

  CONFIG_FILES    = 
  CONFIG_HEADERS  = 
  CONFIG_LINKS    = 
  CONFIG_COMMANDS = 
  $ ./config.status 

on razdolbai

config.status:746: creating Makefile
config.status:850: creating config.h
config.status:1007: config.h is unchanged
config.status:1187: executing depfiles commands

## ---------------- ##
## Cache variables. ##
## ---------------- ##

ac_cv_c_compiler_gnu=yes
ac_cv_cxx_compiler_gnu=yes
ac_cv_env_CC_set=
ac_cv_env_CC_value=
ac_cv_env_CFLAGS_set=
ac_cv_env_CFLAGS_value=
ac_cv_env_CPPFLAGS_set=
ac_cv_env_CPPFLAGS_value=
ac_cv_env_CPP_set=
ac_cv_env_CPP_value=
ac_cv_env_CXXFLAGS_set=
ac_cv_env_CXXFLAGS_value=
ac_cv_env_CXX_set=
ac_cv_env_CXX_value=
ac_cv_env_LDFLAGS_set=
ac_cv_env_LDFLAGS_value=
ac_cv_env_build_alias_set=
ac_cv_env_build_alias_value=
ac_cv_env_host_alias_set=
ac_cv_env_host_alias_value=
ac_cv_env_target_alias_set=
ac_cv_env_target_alias_value=
ac_cv_exeext=
ac_cv_func__NSGetEnviron=no
ac_cv_func_connect=yes
ac_cv_func_inet_ntoa=yes
ac_cv_func_remove=yes
ac_cv_func_shmat=yes
ac_cv_func_snprintf=yes
ac_cv_func_vsnprintf=yes
ac_cv_have_dlfcn=yes
ac_cv_have_qt='have_qt=yes     ac_qt_includes=/usr/qt/3/include ac_qt_libraries=/usr/qt/3/lib'
ac_cv_header_Carbon_Carbon_h=no
ac_cv_header_CoreAudio_CoreAudio_h=no
ac_cv_header_crt_externs_h=no
ac_cv_header_inttypes_h=yes
ac_cv_header_memory_h=yes
ac_cv_header_stdc=yes
ac_cv_header_stdint_h=yes
ac_cv_header_stdlib_h=yes
ac_cv_header_string_h=yes
ac_cv_header_strings_h=yes
ac_cv_header_sys_bitypes_h=yes
ac_cv_header_sys_stat_h=yes
ac_cv_header_sys_types_h=yes
ac_cv_header_unistd_h=yes
ac_cv_lib_ICE_IceConnectionNumber=yes
ac_cv_lib_compat_main=no
ac_cv_lib_crypt_crypt=yes
ac_cv_lib_dl_dlopen=yes
ac_cv_lib_dld_shl_unload=no
ac_cv_lib_dnet_dnet_ntoa=no
ac_cv_lib_dnet_stub_dnet_ntoa=no
ac_cv_lib_jpeg_6b=no
ac_cv_lib_jpeg_normal=-ljpeg
ac_cv_lib_png='-lpng -lz -lm'
ac_cv_lib_poll_poll=no
ac_cv_lib_pthread_pthread_create=yes
ac_cv_lib_ucb_killpg=no
ac_cv_lib_util_main=yes
ac_cv_lib_z=-lz
ac_cv_objext=o
ac_cv_path_install='/bin/install -c'
ac_cv_prog_AWK=gawk
ac_cv_prog_CPP='gcc -E'
ac_cv_prog_ac_ct_CC=gcc
ac_cv_prog_ac_ct_CXX=g++
ac_cv_prog_ac_ct_RANLIB=ranlib
ac_cv_prog_cc_g=yes
ac_cv_prog_cc_stdc=
ac_cv_prog_cxx_g=yes
ac_cv_prog_egrep='grep -E'
ac_cv_prog_make_make_set=yes
ac_cv_search_strerror='none required'
ac_cv_sizeof_char_p=4
ac_cv_sizeof_int=4
ac_cv_sizeof_long=4
ac_cv_sizeof_short=2
ac_cv_sizeof_size_t=4
ac_cv_sizeof_unsigned_long=4
ac_cv_type_char_p=yes
ac_cv_type_int=yes
ac_cv_type_long=yes
ac_cv_type_short=yes
ac_cv_type_size_t=yes
ac_cv_type_unsigned_long=yes
am_cv_CC_dependencies_compiler_type=none
am_cv_CXX_dependencies_compiler_type=none
am_cv_prog_cc_stdc=
kde_cv_func_res_init=yes
kde_cv_func_strlcat=no
kde_cv_func_strlcpy=no
kde_cv_have_libXext=yes
kde_cv_have_x='have_x=yes          kde_x_includes=. kde_x_libraries=/usr/lib'
kde_cv_path=/usr/qt/3/bin/uic
kde_cv_path_moc=/usr/qt/3/bin/moc
kde_cv_path_perl=/usr/bin/perl
kde_cv_path_uic=/usr/qt/3/bin/uic
kde_cv_prog_uic_L=yes
kde_cv_prog_uic_nounload=yes
kde_cv_proto_res_init=no
kde_cv_proto_strlcat='yes - in libkdefakes'
kde_cv_proto_strlcpy='yes - in libkdefakes'
kde_cv_qt_jpeg=no
kde_cv_socklen_t=yes
kde_cv_socklen_t_equiv=socklen_t
kde_cv_val_pie_support=yes

## ----------------- ##
## Output variables. ##
## ----------------- ##

ACLOCAL='aclocal-1.9'
AMDEPBACKSLASH='\'
AMDEP_FALSE='#'
AMDEP_TRUE=''
AMTAR='tar'
AUTOCONF='autoconf'
AUTOHEADER='autoheader'
AUTOMAKE='automake-1.9'
AWK='gawk'
CC='gcc'
CCDEPMODE='depmode=none'
CFLAGS='-g -O2'
CPP='gcc -E'
CPPFLAGS=' -DQT_THREAD_SUPPORT '
CXX='g++'
CXXDEPMODE='depmode=none'
CXXFLAGS='-g -O2'
CYGPATH_W='echo'
DEFS='-DHAVE_CONFIG_H'
DEPDIR='.deps'
ECHO_C=''
ECHO_N='-n'
ECHO_T=''
EGREP='grep -E'
EXEEXT=''
FRAMEWORK_COREAUDIO=''
INSTALL_DATA='${INSTALL} -m 644'
INSTALL_PROGRAM='${INSTALL} $(INSTALL_STRIP_FLAG)'
INSTALL_SCRIPT='${INSTALL}'
INSTALL_STRIP_PROGRAM='${SHELL} $(install_sh) -c -s'
KDE_MT_LDFLAGS=''
KDE_MT_LIBS='-lpthread'
KDE_USE_FPIE='-fpie'
KDE_USE_PIE='-pie'
LDFLAGS=''
LIBCOMPAT=''
LIBCRYPT='-lcrypt'
LIBDL='-ldl'
LIBJPEG='-ljpeg'
LIBOBJS=''
LIBPNG='-lpng -lz -lm'
LIBPTHREAD='-lpthread'
LIBRESOLV='-lresolv'
LIBS=''
LIBSM='-lSM -lICE'
LIBSOCKET=''
LIBUCB=''
LIBUTIL='-lutil'
LIBZ='-lz'
LIB_POLL=''
LIB_QPE=''
LIB_QT='-lqt-mt  $(LIBZ) $(LIBPNG) -lXext $(LIB_X11) $(LIBSM) -lpthread'
LIB_X11='-lX11 $(LIBSOCKET)'
LIB_XEXT='-lXext'
LIB_XRENDER=''
LTLIBOBJS=''
MAINT='#'
MAINTAINER_MODE_FALSE=''
MAINTAINER_MODE_TRUE='#'
MAKEINFO='makeinfo'
MOC='/usr/qt/3/bin/moc'
OBJEXT='o'
PACKAGE='hello'
PACKAGE_BUGREPORT=''
PACKAGE_NAME=''
PACKAGE_STRING=''
PACKAGE_TARNAME=''
PACKAGE_VERSION=''
PATH_SEPARATOR=':'
PERL='/usr/bin/perl'
QTE_NORTTI=''
QT_CFLAGS=''
QT_INCLUDES='-I/usr/qt/3/include'
QT_LDFLAGS='-L/usr/qt/3/lib'
QT_LIBS=''
RANLIB='ranlib'
SET_MAKE=''
SHELL='/bin/sh'
STRIP=''
UIC='/usr/qt/3/bin/uic -L $(kde_widgetdir) -nounload'
UIC_TR='tr2i18n'
USER_INCLUDES=''
USER_LDFLAGS=''
USE_THREADS=''
VERSION='1.0'
X_EXTRA_LIBS=''
X_INCLUDES='-I.'
X_LDFLAGS='-L/usr/lib'
X_PRE_LIBS=''
ac_ct_CC='gcc'
ac_ct_CXX='g++'
ac_ct_RANLIB='ranlib'
ac_ct_STRIP=''
am__fastdepCC_FALSE=''
am__fastdepCC_TRUE='#'
am__fastdepCXX_FALSE=''
am__fastdepCXX_TRUE='#'
am__include='include'
am__leading_dot='.'
am__quote=''
am__tar='${AMTAR} chof - "$$tardir"'
am__untar='${AMTAR} xf -'
bindir='${exec_prefix}/bin'
build_alias=''
datadir='${prefix}/share'
exec_prefix='${prefix}'
host_alias=''
include_x11_FALSE='#'
include_x11_TRUE=''
includedir='${prefix}/include'
infodir='${prefix}/info'
install_sh='/home/piton/programs/Password keeper/distr/hello/install-sh'
kde_qtver='3'
libdir='${exec_prefix}/lib'
libexecdir='${exec_prefix}/libexec'
localstatedir='${prefix}/var'
mandir='${prefix}/man'
mkdir_p='mkdir -p --'
oldincludedir='/usr/include'
prefix='/usr/local'
program_transform_name='s,x,x,'
qt_includes='/usr/qt/3/include'
qt_libraries='/usr/qt/3/lib'
sbindir='${exec_prefix}/sbin'
sharedstatedir='${prefix}/com'
sysconfdir='${prefix}/etc'
target_alias=''
x_includes='.'
x_libraries='/usr/lib'

## ----------- ##
## confdefs.h. ##
## ----------- ##

#define HAVE_CRYPT 1
#define HAVE_INTTYPES_H 1
#define HAVE_LIBJPEG 1
#define HAVE_LIBPNG 1
#define HAVE_LIBPTHREAD 1
#define HAVE_LIBZ 1
#define HAVE_MEMORY_H 1
#define HAVE_RES_INIT 1
#define HAVE_RES_INIT 1
#define HAVE_RES_INIT_PROTO 1
#define HAVE_SNPRINTF 1
#define HAVE_STDINT_H 1
#define HAVE_STDINT_H 1
#define HAVE_STDLIB_H 1
#define HAVE_STRINGS_H 1
#define HAVE_STRING_H 1
#define HAVE_SYS_BITYPES_H 1
#define HAVE_SYS_STAT_H 1
#define HAVE_SYS_TYPES_H 1
#define HAVE_SYS_TYPES_H 1
#define HAVE_UNISTD_H 1
#define HAVE_VSNPRINTF 1
#define KDELIBSUFF ""
#define PACKAGE "hello"
#define PACKAGE_BUGREPORT ""
#define PACKAGE_NAME ""
#define PACKAGE_STRING ""
#define PACKAGE_TARNAME ""
#define PACKAGE_VERSION ""
#define SIZEOF_CHAR_P 4
#define SIZEOF_INT 4
#define SIZEOF_LONG 4
#define SIZEOF_SHORT 2
#define SIZEOF_SIZE_T 4
#define SIZEOF_UNSIGNED_LONG 4
#define STDC_HEADERS 1
#define VERSION "1.0"
#define kde_socklen_t socklen_t
#define ksize_t socklen_t
#endif
#ifdef __cplusplus
extern "C" void std::exit (int) throw (); using std::exit;

configure: exit 0
